<?xml version="1.0" encoding="UTF-8"?>
<testng-results ignored="0" total="1" passed="0" failed="1" skipped="0">
  <reporter-output>
    <line>
      <![CDATA[[[ChromeDriver: chrome on WINDOWS (916a8c770be3f2f4de2e3909cf794941)] -> xpath: //h2[text()='Get an insurance quote']] ---> This element has text : Get an insurance quote<br>]]>
    </line>
    <line>
      <![CDATA[[[ChromeDriver: chrome on WINDOWS (916a8c770be3f2f4de2e3909cf794941)] -> xpath: //img[@class='-oneX-header-logo']] ---> This element is displayed : true<br>]]>
    </line>
    <line>
      <![CDATA[11218 : This values has been passed into ---> [[ChromeDriver: chrome on WINDOWS (916a8c770be3f2f4de2e3909cf794941)] -> xpath: //input[@id='quote-main-zip-code-input']]<br>]]>
    </line>
    <line>
      <![CDATA[[[ChromeDriver: chrome on WINDOWS (916a8c770be3f2f4de2e3909cf794941)] -> xpath: //button[@id='quote-main-zip-btn']] ---> This element is enabled : true<br>]]>
    </line>
    <line>
      <![CDATA[Waiting for the element to be clickable ---> [[ChromeDriver: chrome on WINDOWS (916a8c770be3f2f4de2e3909cf794941)] -> xpath: //button[@id='quote-main-zip-btn']]<br>]]>
    </line>
    <line>
      <![CDATA[[[ChromeDriver: chrome on WINDOWS (916a8c770be3f2f4de2e3909cf794941)] -> xpath: //button[@id='quote-main-zip-btn']] ---> This element has been clicked<br>]]>
    </line>
    <line>
      <![CDATA[Rahat : This values has been passed into ---> [[ChromeDriver: chrome on WINDOWS (916a8c770be3f2f4de2e3909cf794941)] -> css selector: input#first_name]<br>]]>
    </line>
    <line>
      <![CDATA[Rahat : This values has been passed into ---> [[ChromeDriver: chrome on WINDOWS (916a8c770be3f2f4de2e3909cf794941)] -> name: lastName]<br>]]>
    </line>
    <line>
      <![CDATA[Rahat : This values has been passed into ---> [[ChromeDriver: chrome on WINDOWS (916a8c770be3f2f4de2e3909cf794941)] -> xpath: //input[@name='welcomeAddress.street1']]<br>]]>
    </line>
    <line>
      <![CDATA[Rahat : This values has been passed into ---> [[ChromeDriver: chrome on WINDOWS (916a8c770be3f2f4de2e3909cf794941)] -> xpath: //input[@id='date_of_birth']]<br>]]>
    </line>
    <line>
      <![CDATA[Waiting for the element to be clickable ---> [[ChromeDriver: chrome on WINDOWS (916a8c770be3f2f4de2e3909cf794941)] -> name: acceptingTermsAndConditions]<br>]]>
    </line>
  </reporter-output>
  <suite started-at="2022-08-14T14:11:34 EDT" name="Default suite" finished-at="2022-08-14T14:11:53 EDT" duration-ms="19593">
    <groups>
    </groups>
    <test started-at="2022-08-14T14:11:34 EDT" name="Default test" finished-at="2022-08-14T14:11:53 EDT" duration-ms="19593">
      <class name="com.statefarm1.qa.tests.HomePageTest">
        <test-method is-config="true" signature="setUp()[pri:0, instance:com.statefarm1.qa.tests.HomePageTest@614ca7df]" started-at="2022-08-14T14:11:34 EDT" name="setUp" finished-at="2022-08-14T14:11:41 EDT" duration-ms="7461" status="PASS">
          <reporter-output>
          </reporter-output>
        </test-method> <!-- setUp -->
        <test-method signature="homeActions()[pri:0, instance:com.statefarm1.qa.tests.HomePageTest@614ca7df]" started-at="2022-08-14T14:11:41 EDT" name="homeActions" finished-at="2022-08-14T14:11:53 EDT" duration-ms="11636" status="FAIL">
          <exception class="org.openqa.selenium.ElementClickInterceptedException">
            <message>
              <![CDATA[element click intercepted: Element <input id="termsIDCheckbox" name="acceptingTermsAndConditions" type="checkbox" class="-oneX-checkbox" value="true"> is not clickable at point (401, 693). Other element would receive the click: <div id="notice" class="-oneX" tabindex="-1" style="display: block;">...</div>
  (Session info: chrome=104.0.5112.81)
Build info: version: '4.3.0', revision: 'a4995e2c09*'
System info: host: 'DESKTOP-TLD6UFT', ip: '10.0.0.10', os.name: 'Windows 11', os.arch: 'amd64', os.version: '10.0', java.version: '17.0.2'
Driver info: org.openqa.selenium.chrome.ChromeDriver
Command: [916a8c770be3f2f4de2e3909cf794941, clickElement {id=3b23bf40-95aa-48c6-9ec6-52b9edfaff3c}]
Capabilities {acceptInsecureCerts: false, browserName: chrome, browserVersion: 104.0.5112.81, chrome: {chromedriverVersion: 104.0.5112.79 (3cf3e8c8a07d..., userDataDir: C:\Users\RAHATA~1\AppData\L...}, goog:chromeOptions: {debuggerAddress: localhost:52238}, networkConnectionEnabled: false, pageLoadStrategy: normal, platformName: WINDOWS, proxy: Proxy(), se:cdp: ws://localhost:52238/devtoo..., se:cdpVersion: 104.0.5112.81, setWindowRect: true, strictFileInteractability: false, timeouts: {implicit: 0, pageLoad: 300000, script: 30000}, unhandledPromptBehavior: dismiss and notify, webauthn:extension:credBlob: true, webauthn:extension:largeBlob: true, webauthn:virtualAuthenticators: true}
Element: [[ChromeDriver: chrome on WINDOWS (916a8c770be3f2f4de2e3909cf794941)] -> name: acceptingTermsAndConditions]
Session ID: 916a8c770be3f2f4de2e3909cf794941]]>
            </message>
            <full-stacktrace>
              <![CDATA[org.openqa.selenium.ElementClickInterceptedException: element click intercepted: Element <input id="termsIDCheckbox" name="acceptingTermsAndConditions" type="checkbox" class="-oneX-checkbox" value="true"> is not clickable at point (401, 693). Other element would receive the click: <div id="notice" class="-oneX" tabindex="-1" style="display: block;">...</div>
  (Session info: chrome=104.0.5112.81)
Build info: version: '4.3.0', revision: 'a4995e2c09*'
System info: host: 'DESKTOP-TLD6UFT', ip: '10.0.0.10', os.name: 'Windows 11', os.arch: 'amd64', os.version: '10.0', java.version: '17.0.2'
Driver info: org.openqa.selenium.chrome.ChromeDriver
Command: [916a8c770be3f2f4de2e3909cf794941, clickElement {id=3b23bf40-95aa-48c6-9ec6-52b9edfaff3c}]
Capabilities {acceptInsecureCerts: false, browserName: chrome, browserVersion: 104.0.5112.81, chrome: {chromedriverVersion: 104.0.5112.79 (3cf3e8c8a07d..., userDataDir: C:\Users\RAHATA~1\AppData\L...}, goog:chromeOptions: {debuggerAddress: localhost:52238}, networkConnectionEnabled: false, pageLoadStrategy: normal, platformName: WINDOWS, proxy: Proxy(), se:cdp: ws://localhost:52238/devtoo..., se:cdpVersion: 104.0.5112.81, setWindowRect: true, strictFileInteractability: false, timeouts: {implicit: 0, pageLoad: 300000, script: 30000}, unhandledPromptBehavior: dismiss and notify, webauthn:extension:credBlob: true, webauthn:extension:largeBlob: true, webauthn:virtualAuthenticators: true}
Element: [[ChromeDriver: chrome on WINDOWS (916a8c770be3f2f4de2e3909cf794941)] -> name: acceptingTermsAndConditions]
Session ID: 916a8c770be3f2f4de2e3909cf794941
at java.base/jdk.internal.reflect.NativeConstructorAccessorImpl.newInstance0(Native Method)
at java.base/jdk.internal.reflect.NativeConstructorAccessorImpl.newInstance(NativeConstructorAccessorImpl.java:77)
at java.base/jdk.internal.reflect.DelegatingConstructorAccessorImpl.newInstance(DelegatingConstructorAccessorImpl.java:45)
at java.base/java.lang.reflect.Constructor.newInstanceWithCaller(Constructor.java:499)
at java.base/java.lang.reflect.Constructor.newInstance(Constructor.java:480)
at org.openqa.selenium.remote.codec.w3c.W3CHttpResponseCodec.createException(W3CHttpResponseCodec.java:200)
at org.openqa.selenium.remote.codec.w3c.W3CHttpResponseCodec.decode(W3CHttpResponseCodec.java:133)
at org.openqa.selenium.remote.codec.w3c.W3CHttpResponseCodec.decode(W3CHttpResponseCodec.java:53)
at org.openqa.selenium.remote.HttpCommandExecutor.execute(HttpCommandExecutor.java:184)
at org.openqa.selenium.remote.service.DriverCommandExecutor.invokeExecute(DriverCommandExecutor.java:167)
at org.openqa.selenium.remote.service.DriverCommandExecutor.execute(DriverCommandExecutor.java:142)
at org.openqa.selenium.remote.RemoteWebDriver.execute(RemoteWebDriver.java:569)
at org.openqa.selenium.remote.RemoteWebElement.execute(RemoteWebElement.java:257)
at org.openqa.selenium.remote.RemoteWebElement.click(RemoteWebElement.java:78)
at java.base/jdk.internal.reflect.NativeMethodAccessorImpl.invoke0(Native Method)
at java.base/jdk.internal.reflect.NativeMethodAccessorImpl.invoke(NativeMethodAccessorImpl.java:77)
at java.base/jdk.internal.reflect.DelegatingMethodAccessorImpl.invoke(DelegatingMethodAccessorImpl.java:43)
at java.base/java.lang.reflect.Method.invoke(Method.java:568)
at org.openqa.selenium.support.pagefactory.internal.LocatingElementHandler.invoke(LocatingElementHandler.java:52)
at jdk.proxy2/jdk.proxy2.$Proxy16.click(Unknown Source)
at com.statefarm1.qa.common.Common.click(Common.java:38)
at com.statefarm1.qa.object.AutoQuotePage.acceptButton(AutoQuotePage.java:65)
at com.statefarm1.qa.object.AutoQuotePage.autoQuotePageSteps(AutoQuotePage.java:76)
at com.statefarm1.qa.tests.HomePageTest.homeActions(HomePageTest.java:14)
at java.base/jdk.internal.reflect.NativeMethodAccessorImpl.invoke0(Native Method)
at java.base/jdk.internal.reflect.NativeMethodAccessorImpl.invoke(NativeMethodAccessorImpl.java:77)
at java.base/jdk.internal.reflect.DelegatingMethodAccessorImpl.invoke(DelegatingMethodAccessorImpl.java:43)
at java.base/java.lang.reflect.Method.invoke(Method.java:568)
at org.testng.internal.MethodInvocationHelper.invokeMethod(MethodInvocationHelper.java:133)
at org.testng.internal.TestInvoker.invokeMethod(TestInvoker.java:598)
at org.testng.internal.TestInvoker.invokeTestMethod(TestInvoker.java:173)
at org.testng.internal.MethodRunner.runInSequence(MethodRunner.java:46)
at org.testng.internal.TestInvoker$MethodInvocationAgent.invoke(TestInvoker.java:824)
at org.testng.internal.TestInvoker.invokeTestMethods(TestInvoker.java:146)
at org.testng.internal.TestMethodWorker.invokeTestMethods(TestMethodWorker.java:146)
at org.testng.internal.TestMethodWorker.run(TestMethodWorker.java:128)
at java.base/java.util.ArrayList.forEach(ArrayList.java:1511)
at org.testng.TestRunner.privateRun(TestRunner.java:794)
at org.testng.TestRunner.run(TestRunner.java:596)
at org.testng.SuiteRunner.runTest(SuiteRunner.java:377)
at org.testng.SuiteRunner.runSequentially(SuiteRunner.java:371)
at org.testng.SuiteRunner.privateRun(SuiteRunner.java:332)
at org.testng.SuiteRunner.run(SuiteRunner.java:276)
at org.testng.SuiteRunnerWorker.runSuite(SuiteRunnerWorker.java:53)
at org.testng.SuiteRunnerWorker.run(SuiteRunnerWorker.java:96)
at org.testng.TestNG.runSuitesSequentially(TestNG.java:1212)
at org.testng.TestNG.runSuitesLocally(TestNG.java:1134)
at org.testng.TestNG.runSuites(TestNG.java:1063)
at org.testng.TestNG.run(TestNG.java:1031)
at org.testng.remote.AbstractRemoteTestNG.run(AbstractRemoteTestNG.java:115)
at org.testng.remote.RemoteTestNG.initAndRun(RemoteTestNG.java:251)
at org.testng.remote.RemoteTestNG.main(RemoteTestNG.java:77)
]]>
            </full-stacktrace>
          </exception> <!-- org.openqa.selenium.ElementClickInterceptedException -->
          <reporter-output>
            <line>
              <![CDATA[[[ChromeDriver: chrome on WINDOWS (916a8c770be3f2f4de2e3909cf794941)] -> xpath: //h2[text()='Get an insurance quote']] ---> This element has text : Get an insurance quote<br>]]>
            </line>
            <line>
              <![CDATA[[[ChromeDriver: chrome on WINDOWS (916a8c770be3f2f4de2e3909cf794941)] -> xpath: //img[@class='-oneX-header-logo']] ---> This element is displayed : true<br>]]>
            </line>
            <line>
              <![CDATA[11218 : This values has been passed into ---> [[ChromeDriver: chrome on WINDOWS (916a8c770be3f2f4de2e3909cf794941)] -> xpath: //input[@id='quote-main-zip-code-input']]<br>]]>
            </line>
            <line>
              <![CDATA[[[ChromeDriver: chrome on WINDOWS (916a8c770be3f2f4de2e3909cf794941)] -> xpath: //button[@id='quote-main-zip-btn']] ---> This element is enabled : true<br>]]>
            </line>
            <line>
              <![CDATA[Waiting for the element to be clickable ---> [[ChromeDriver: chrome on WINDOWS (916a8c770be3f2f4de2e3909cf794941)] -> xpath: //button[@id='quote-main-zip-btn']]<br>]]>
            </line>
            <line>
              <![CDATA[[[ChromeDriver: chrome on WINDOWS (916a8c770be3f2f4de2e3909cf794941)] -> xpath: //button[@id='quote-main-zip-btn']] ---> This element has been clicked<br>]]>
            </line>
            <line>
              <![CDATA[Rahat : This values has been passed into ---> [[ChromeDriver: chrome on WINDOWS (916a8c770be3f2f4de2e3909cf794941)] -> css selector: input#first_name]<br>]]>
            </line>
            <line>
              <![CDATA[Rahat : This values has been passed into ---> [[ChromeDriver: chrome on WINDOWS (916a8c770be3f2f4de2e3909cf794941)] -> name: lastName]<br>]]>
            </line>
            <line>
              <![CDATA[Rahat : This values has been passed into ---> [[ChromeDriver: chrome on WINDOWS (916a8c770be3f2f4de2e3909cf794941)] -> xpath: //input[@name='welcomeAddress.street1']]<br>]]>
            </line>
            <line>
              <![CDATA[Rahat : This values has been passed into ---> [[ChromeDriver: chrome on WINDOWS (916a8c770be3f2f4de2e3909cf794941)] -> xpath: //input[@id='date_of_birth']]<br>]]>
            </line>
            <line>
              <![CDATA[Waiting for the element to be clickable ---> [[ChromeDriver: chrome on WINDOWS (916a8c770be3f2f4de2e3909cf794941)] -> name: acceptingTermsAndConditions]<br>]]>
            </line>
          </reporter-output>
        </test-method> <!-- homeActions -->
        <test-method is-config="true" signature="terminate()[pri:0, instance:com.statefarm1.qa.tests.HomePageTest@614ca7df]" started-at="2022-08-14T14:11:53 EDT" name="terminate" finished-at="2022-08-14T14:11:53 EDT" duration-ms="446" status="PASS">
          <reporter-output>
          </reporter-output>
        </test-method> <!-- terminate -->
      </class> <!-- com.statefarm1.qa.tests.HomePageTest -->
    </test> <!-- Default test -->
  </suite> <!-- Default suite -->
</testng-results>
